0 verbose cli /usr/local/bin/node /usr/local/bin/npm
1 info using npm@11.6.2
2 info using node@v24.11.1
3 silly config load:file:/usr/local/lib/node_modules/npm/npmrc
4 silly config load:file:/Users/pnoukounwoui/Documents/GitHub/Dashnoukdev/.npmrc
5 silly config load:file:/Users/pnoukounwoui/.npmrc
6 silly config load:file:/usr/local/etc/npmrc
7 verbose title npm install @supabase/supabase-js
8 verbose argv "install" "@supabase/supabase-js"
9 verbose logfile logs-max:10 dir:/Users/pnoukounwoui/Documents/GitHub/Dashnoukdev/.npm-cache/_logs/2025-12-30T15_12_52_606Z-
10 verbose logfile /Users/pnoukounwoui/Documents/GitHub/Dashnoukdev/.npm-cache/_logs/2025-12-30T15_12_52_606Z-debug-0.log
11 silly logfile done cleaning log files
12 silly packumentCache heap:4496293888 maxSize:1124073472 maxEntrySize:562036736
13 silly idealTree buildDeps
14 silly fetch manifest @supabase/supabase-js@*
15 silly packumentCache full:https://registry.npmjs.org/@supabase%2fsupabase-js cache-miss
16 http fetch GET 200 https://registry.npmjs.org/@supabase%2fsupabase-js 607ms (cache miss)
17 silly packumentCache full:https://registry.npmjs.org/@supabase%2fsupabase-js set size:undefined disposed:false
18 silly placeDep ROOT @supabase/supabase-js@2.89.0 OK for: dashnoukdev@0.1.0 want: *
19 silly fetch manifest @supabase/auth-js@2.89.0
20 silly packumentCache full:https://registry.npmjs.org/@supabase%2fauth-js cache-miss
21 silly fetch manifest @supabase/storage-js@2.89.0
22 silly packumentCache full:https://registry.npmjs.org/@supabase%2fstorage-js cache-miss
23 silly fetch manifest @supabase/realtime-js@2.89.0
24 silly packumentCache full:https://registry.npmjs.org/@supabase%2frealtime-js cache-miss
25 silly fetch manifest @supabase/functions-js@2.89.0
26 silly packumentCache full:https://registry.npmjs.org/@supabase%2ffunctions-js cache-miss
27 silly fetch manifest @supabase/postgrest-js@2.89.0
28 silly packumentCache full:https://registry.npmjs.org/@supabase%2fpostgrest-js cache-miss
29 http fetch GET 200 https://registry.npmjs.org/@supabase%2fauth-js 150ms (cache miss)
30 silly packumentCache full:https://registry.npmjs.org/@supabase%2fauth-js set size:undefined disposed:false
31 http fetch GET 200 https://registry.npmjs.org/@supabase%2frealtime-js 692ms (cache miss)
32 silly packumentCache full:https://registry.npmjs.org/@supabase%2frealtime-js set size:undefined disposed:false
33 http fetch GET 200 https://registry.npmjs.org/@supabase%2ffunctions-js 1252ms (cache miss)
34 silly packumentCache full:https://registry.npmjs.org/@supabase%2ffunctions-js set size:undefined disposed:false
35 http fetch GET 200 https://registry.npmjs.org/@supabase%2fstorage-js 1341ms (cache miss)
36 silly packumentCache full:https://registry.npmjs.org/@supabase%2fstorage-js set size:undefined disposed:false
37 http fetch GET 200 https://registry.npmjs.org/@supabase%2fpostgrest-js 2055ms (cache miss)
38 silly packumentCache full:https://registry.npmjs.org/@supabase%2fpostgrest-js set size:undefined disposed:false
39 silly placeDep ROOT @supabase/auth-js@2.89.0 OK for: @supabase/supabase-js@2.89.0 want: 2.89.0
40 silly placeDep ROOT @supabase/functions-js@2.89.0 OK for: @supabase/supabase-js@2.89.0 want: 2.89.0
41 silly placeDep ROOT @supabase/postgrest-js@2.89.0 OK for: @supabase/supabase-js@2.89.0 want: 2.89.0
42 silly placeDep ROOT @supabase/realtime-js@2.89.0 OK for: @supabase/supabase-js@2.89.0 want: 2.89.0
43 silly placeDep ROOT @supabase/storage-js@2.89.0 OK for: @supabase/supabase-js@2.89.0 want: 2.89.0
44 silly fetch manifest ws@^8.18.2
45 silly packumentCache full:https://registry.npmjs.org/ws cache-miss
46 silly fetch manifest @types/ws@^8.18.1
47 silly packumentCache full:https://registry.npmjs.org/@types%2fws cache-miss
48 silly fetch manifest @types/phoenix@^1.6.6
49 silly packumentCache full:https://registry.npmjs.org/@types%2fphoenix cache-miss
50 silly fetch manifest iceberg-js@^0.8.1
51 silly packumentCache full:https://registry.npmjs.org/iceberg-js cache-miss
52 http fetch GET 200 https://registry.npmjs.org/ws 154ms (cache miss)
53 silly packumentCache full:https://registry.npmjs.org/ws set size:undefined disposed:false
54 http fetch GET 200 https://registry.npmjs.org/@types%2fphoenix 157ms (cache miss)
55 silly packumentCache full:https://registry.npmjs.org/@types%2fphoenix set size:undefined disposed:false
56 http fetch GET 200 https://registry.npmjs.org/iceberg-js 181ms (cache miss)
57 silly packumentCache full:https://registry.npmjs.org/iceberg-js set size:undefined disposed:false
58 http fetch GET 200 https://registry.npmjs.org/@types%2fws 198ms (cache miss)
59 silly packumentCache full:https://registry.npmjs.org/@types%2fws set size:undefined disposed:false
60 silly fetch manifest bufferutil@^4.0.1
61 silly packumentCache full:https://registry.npmjs.org/bufferutil cache-miss
62 http fetch GET 200 https://registry.npmjs.org/bufferutil 89ms (cache miss)
63 silly packumentCache full:https://registry.npmjs.org/bufferutil set size:undefined disposed:false
64 silly fetch manifest utf-8-validate@>=5.0.2
65 silly packumentCache full:https://registry.npmjs.org/utf-8-validate cache-miss
66 http fetch GET 200 https://registry.npmjs.org/utf-8-validate 92ms (cache miss)
67 silly packumentCache full:https://registry.npmjs.org/utf-8-validate set size:undefined disposed:false
68 silly placeDep ROOT @types/phoenix@1.6.7 OK for: @supabase/realtime-js@2.89.0 want: ^1.6.6
69 silly placeDep ROOT @types/ws@8.18.1 OK for: @supabase/realtime-js@2.89.0 want: ^8.18.1
70 silly placeDep ROOT ws@8.18.3 OK for: @supabase/realtime-js@2.89.0 want: ^8.18.2
71 silly placeDep ROOT iceberg-js@0.8.1 OK for: @supabase/storage-js@2.89.0 want: ^0.8.1
72 silly reify moves {}
73 silly audit bulk request {
73 silly audit   '@emnapi/runtime': [ '1.7.1' ],
73 silly audit   '@img/colour': [ '1.0.0' ],
73 silly audit   '@img/sharp-darwin-arm64': [ '0.34.5' ],
73 silly audit   '@img/sharp-darwin-x64': [ '0.34.5' ],
73 silly audit   '@img/sharp-libvips-darwin-arm64': [ '1.2.4' ],
73 silly audit   '@img/sharp-libvips-darwin-x64': [ '1.2.4' ],
73 silly audit   '@img/sharp-libvips-linux-arm': [ '1.2.4' ],
73 silly audit   '@img/sharp-libvips-linux-arm64': [ '1.2.4' ],
73 silly audit   '@img/sharp-libvips-linux-ppc64': [ '1.2.4' ],
73 silly audit   '@img/sharp-libvips-linux-riscv64': [ '1.2.4' ],
73 silly audit   '@img/sharp-libvips-linux-s390x': [ '1.2.4' ],
73 silly audit   '@img/sharp-libvips-linux-x64': [ '1.2.4' ],
73 silly audit   '@img/sharp-libvips-linuxmusl-arm64': [ '1.2.4' ],
73 silly audit   '@img/sharp-libvips-linuxmusl-x64': [ '1.2.4' ],
73 silly audit   '@img/sharp-linux-arm': [ '0.34.5' ],
73 silly audit   '@img/sharp-linux-arm64': [ '0.34.5' ],
73 silly audit   '@img/sharp-linux-ppc64': [ '0.34.5' ],
73 silly audit   '@img/sharp-linux-riscv64': [ '0.34.5' ],
73 silly audit   '@img/sharp-linux-s390x': [ '0.34.5' ],
73 silly audit   '@img/sharp-linux-x64': [ '0.34.5' ],
73 silly audit   '@img/sharp-linuxmusl-arm64': [ '0.34.5' ],
73 silly audit   '@img/sharp-linuxmusl-x64': [ '0.34.5' ],
73 silly audit   '@img/sharp-wasm32': [ '0.34.5' ],
73 silly audit   '@img/sharp-win32-arm64': [ '0.34.5' ],
73 silly audit   '@img/sharp-win32-ia32': [ '0.34.5' ],
73 silly audit   '@img/sharp-win32-x64': [ '0.34.5' ],
73 silly audit   '@next/env': [ '16.1.1' ],
73 silly audit   '@next/swc-darwin-arm64': [ '16.1.1' ],
73 silly audit   '@next/swc-darwin-x64': [ '16.1.1' ],
73 silly audit   '@next/swc-linux-arm64-gnu': [ '16.1.1' ],
73 silly audit   '@next/swc-linux-arm64-musl': [ '16.1.1' ],
73 silly audit   '@next/swc-linux-x64-gnu': [ '16.1.1' ],
73 silly audit   '@next/swc-linux-x64-musl': [ '16.1.1' ],
73 silly audit   '@next/swc-win32-arm64-msvc': [ '16.1.1' ],
73 silly audit   '@next/swc-win32-x64-msvc': [ '16.1.1' ],
73 silly audit   '@swc/helpers': [ '0.5.15' ],
73 silly audit   '@types/node': [ '25.0.3' ],
73 silly audit   '@types/react': [ '19.2.7' ],
73 silly audit   '@types/react-dom': [ '19.2.3' ],
73 silly audit   autoprefixer: [ '10.4.23' ],
73 silly audit   'baseline-browser-mapping': [ '2.9.11' ],
73 silly audit   browserslist: [ '4.28.1' ],
73 silly audit   'caniuse-lite': [ '1.0.30001762' ],
73 silly audit   'class-variance-authority': [ '0.7.1' ],
73 silly audit   'client-only': [ '0.0.1' ],
73 silly audit   clsx: [ '2.1.1' ],
73 silly audit   csstype: [ '3.2.3' ],
73 silly audit   'detect-libc': [ '2.1.2' ],
73 silly audit   'electron-to-chromium': [ '1.5.267' ],
73 silly audit   escalade: [ '3.2.0' ],
73 silly audit   'fraction.js': [ '5.3.4' ],
73 silly audit   'lucide-react': [ '0.562.0' ],
73 silly audit   nanoid: [ '3.3.11' ],
73 silly audit   next: [ '16.1.1' ],
73 silly audit   postcss: [ '8.4.31', '8.5.6' ],
73 silly audit   'node-releases': [ '2.0.27' ],
73 silly audit   picocolors: [ '1.1.1' ],
73 silly audit   'postcss-value-parser': [ '4.2.0' ],
73 silly audit   react: [ '19.2.3' ],
73 silly audit   'react-dom': [ '19.2.3' ],
73 silly audit   scheduler: [ '0.27.0' ],
73 silly audit   semver: [ '7.7.3' ],
73 silly audit   sharp: [ '0.34.5' ],
73 silly audit   'source-map-js': [ '1.2.1' ],
73 silly audit   'styled-jsx': [ '5.1.6' ],
73 silly audit   'tailwind-merge': [ '3.4.0' ],
73 silly audit   tailwindcss: [ '4.1.18' ],
73 silly audit   tslib: [ '2.8.1' ],
73 silly audit   typescript: [ '5.9.3' ],
73 silly audit   'undici-types': [ '7.16.0' ],
73 silly audit   'update-browserslist-db': [ '1.2.3' ],
73 silly audit   '@supabase/supabase-js': [ '2.89.0' ],
73 silly audit   '@supabase/auth-js': [ '2.89.0' ],
73 silly audit   '@supabase/functions-js': [ '2.89.0' ],
73 silly audit   '@supabase/postgrest-js': [ '2.89.0' ],
73 silly audit   '@supabase/realtime-js': [ '2.89.0' ],
73 silly audit   '@supabase/storage-js': [ '2.89.0' ],
73 silly audit   '@types/phoenix': [ '1.6.7' ],
73 silly audit   '@types/ws': [ '8.18.1' ],
73 silly audit   ws: [ '8.18.3' ],
73 silly audit   'iceberg-js': [ '0.8.1' ]
73 silly audit }
74 http cache iceberg-js@https://registry.npmjs.org/iceberg-js/-/iceberg-js-0.8.1.tgz 0ms (cache hit)
75 http cache ws@https://registry.npmjs.org/ws/-/ws-8.18.3.tgz 0ms (cache hit)
76 http cache @supabase/storage-js@https://registry.npmjs.org/@supabase/storage-js/-/storage-js-2.89.0.tgz 0ms (cache hit)
77 http cache @supabase/realtime-js@https://registry.npmjs.org/@supabase/realtime-js/-/realtime-js-2.89.0.tgz 0ms (cache hit)
78 http cache @supabase/postgrest-js@https://registry.npmjs.org/@supabase/postgrest-js/-/postgrest-js-2.89.0.tgz 0ms (cache hit)
79 http cache @supabase/functions-js@https://registry.npmjs.org/@supabase/functions-js/-/functions-js-2.89.0.tgz 0ms (cache hit)
80 http cache @supabase/auth-js@https://registry.npmjs.org/@supabase/auth-js/-/auth-js-2.89.0.tgz 0ms (cache hit)
81 http cache @supabase/supabase-js@https://registry.npmjs.org/@supabase/supabase-js/-/supabase-js-2.89.0.tgz 0ms (cache hit)
82 http cache @types/phoenix@https://registry.npmjs.org/@types/phoenix/-/phoenix-1.6.7.tgz 0ms (cache hit)
83 http cache @types/ws@https://registry.npmjs.org/@types/ws/-/ws-8.18.1.tgz 0ms (cache hit)
84 silly tarball no local data for iceberg-js@https://registry.npmjs.org/iceberg-js/-/iceberg-js-0.8.1.tgz. Extracting by manifest.
85 silly tarball no local data for ws@https://registry.npmjs.org/ws/-/ws-8.18.3.tgz. Extracting by manifest.
86 silly tarball no local data for @supabase/storage-js@https://registry.npmjs.org/@supabase/storage-js/-/storage-js-2.89.0.tgz. Extracting by manifest.
87 silly tarball no local data for @supabase/realtime-js@https://registry.npmjs.org/@supabase/realtime-js/-/realtime-js-2.89.0.tgz. Extracting by manifest.
88 silly tarball no local data for @supabase/postgrest-js@https://registry.npmjs.org/@supabase/postgrest-js/-/postgrest-js-2.89.0.tgz. Extracting by manifest.
89 silly tarball no local data for @supabase/functions-js@https://registry.npmjs.org/@supabase/functions-js/-/functions-js-2.89.0.tgz. Extracting by manifest.
90 silly tarball no local data for @supabase/auth-js@https://registry.npmjs.org/@supabase/auth-js/-/auth-js-2.89.0.tgz. Extracting by manifest.
91 silly tarball no local data for @supabase/supabase-js@https://registry.npmjs.org/@supabase/supabase-js/-/supabase-js-2.89.0.tgz. Extracting by manifest.
92 silly tarball no local data for @types/phoenix@https://registry.npmjs.org/@types/phoenix/-/phoenix-1.6.7.tgz. Extracting by manifest.
93 silly tarball no local data for @types/ws@https://registry.npmjs.org/@types/ws/-/ws-8.18.1.tgz. Extracting by manifest.
94 http fetch GET 200 https://registry.npmjs.org/iceberg-js/-/iceberg-js-0.8.1.tgz 143ms (cache miss)
95 http fetch GET 200 https://registry.npmjs.org/ws/-/ws-8.18.3.tgz 144ms (cache miss)
96 http fetch GET 200 https://registry.npmjs.org/@supabase/realtime-js/-/realtime-js-2.89.0.tgz 169ms (cache miss)
97 http fetch POST 200 https://registry.npmjs.org/-/npm/v1/security/advisories/bulk 215ms
98 silly audit report {}
99 http fetch GET 200 https://registry.npmjs.org/@types/ws/-/ws-8.18.1.tgz 265ms (cache miss)
100 http fetch GET 200 https://registry.npmjs.org/@supabase/supabase-js/-/supabase-js-2.89.0.tgz 355ms (cache miss)
101 http fetch GET 200 https://registry.npmjs.org/@types/phoenix/-/phoenix-1.6.7.tgz 451ms (cache miss)
102 http fetch GET 200 https://registry.npmjs.org/@supabase/auth-js/-/auth-js-2.89.0.tgz 463ms (cache miss)
103 http fetch GET 200 https://registry.npmjs.org/@supabase/postgrest-js/-/postgrest-js-2.89.0.tgz 472ms (cache miss)
104 http fetch GET 200 https://registry.npmjs.org/@supabase/storage-js/-/storage-js-2.89.0.tgz 474ms (cache miss)
105 http fetch GET 200 https://registry.npmjs.org/@supabase/functions-js/-/functions-js-2.89.0.tgz 587ms (cache miss)
106 silly ADD node_modules/iceberg-js
107 silly ADD node_modules/ws
108 silly ADD node_modules/@types/ws
109 silly ADD node_modules/@types/phoenix
110 silly ADD node_modules/@supabase/storage-js
111 silly ADD node_modules/@supabase/realtime-js
112 silly ADD node_modules/@supabase/postgrest-js
113 silly ADD node_modules/@supabase/functions-js
114 silly ADD node_modules/@supabase/auth-js
115 silly ADD node_modules/@supabase/supabase-js
116 verbose cwd /Users/pnoukounwoui/Documents/GitHub/Dashnoukdev
117 verbose os Darwin 25.2.0
118 verbose node v24.11.1
119 verbose npm  v11.6.2
120 verbose exit 0
121 info ok
